<?xml version="1.0" encoding="UTF-8"?>
<testsuite name="DecryptTest" tests="5" skipped="0" failures="0" errors="0" timestamp="2019-06-16T11:16:58" hostname="moringa-Lenovo-ideapad-330-15IKB" time="0.009">
  <properties/>
  <testcase name="newDecrypt_instantiatesCorrectly" classname="DecryptTest" time="0.003"/>
  <testcase name="newDecrypt_getsName_Bqzjp" classname="DecryptTest" time="0.0"/>
  <testcase name="newDecrypt_keyIsValid" classname="DecryptTest" time="0.001"/>
  <testcase name="newDecrypt_getsKey_1" classname="DecryptTest" time="0.0"/>
  <testcase name="newDecrypt_nameContainsLetters" classname="DecryptTest" time="0.001"/>
  <system-out><![CDATA[]]></system-out>
  <system-err><![CDATA[]]></system-err>
</testsuite>
